TN:
SF:format.ts
FN:2,onlyDigits
FN:7,onlyLettersAndNumbers
FN:12,formatBRL
FN:17,capitalize
FNF:4
FNH:4
FNDA:7,onlyDigits
FNDA:10,onlyLettersAndNumbers
FNDA:12,formatBRL
FNDA:5,capitalize
DA:1,1
DA:2,1
DA:3,7
DA:4,6
DA:5,1
DA:6,1
DA:7,1
DA:8,10
DA:9,8
DA:10,1
DA:11,1
DA:12,1
DA:13,12
DA:14,10
DA:15,1
DA:16,1
DA:17,1
DA:18,5
DA:19,1
DA:20,1
DA:21,1
DA:22,1
LF:22
LH:22
BRDA:2,0,0,7
BRDA:3,1,0,1
BRDA:3,2,0,1
BRDA:4,3,0,6
BRDA:7,4,0,10
BRDA:8,5,0,2
BRDA:8,6,0,2
BRDA:9,7,0,8
BRDA:12,8,0,12
BRDA:13,9,0,2
BRDA:14,10,0,10
BRDA:17,11,0,5
BRF:12
BRH:12
end_of_record
TN:
SF:masks.ts
FN:3,cpfMask
FN:14,cnpjMask
FN:26,cellphoneMask
FN:36,rgMask
FN:50,cepMask
FN:59,masks
FNF:6
FNH:6
FNDA:8,cpfMask
FNDA:8,cnpjMask
FNDA:5,cellphoneMask
FNDA:4,rgMask
FNDA:4,cepMask
FNDA:29,masks
DA:1,1
DA:2,1
DA:3,1
DA:4,8
DA:5,8
DA:6,8
DA:7,8
DA:8,8
DA:9,8
DA:10,8
DA:11,8
DA:12,8
DA:13,1
DA:14,1
DA:15,8
DA:16,8
DA:17,8
DA:18,8
DA:19,8
DA:20,8
DA:21,8
DA:22,8
DA:23,8
DA:24,8
DA:25,1
DA:26,1
DA:27,5
DA:28,5
DA:29,5
DA:30,5
DA:31,5
DA:32,5
DA:33,5
DA:34,5
DA:35,1
DA:36,1
DA:37,4
DA:38,4
DA:39,4
DA:40,4
DA:41,4
DA:42,4
DA:43,4
DA:44,4
DA:45,4
DA:46,4
DA:47,4
DA:48,4
DA:49,1
DA:50,1
DA:51,4
DA:52,4
DA:53,4
DA:54,4
DA:55,4
DA:56,4
DA:57,4
DA:58,1
DA:59,29
DA:60,29
DA:61,29
DA:62,29
DA:63,29
DA:64,29
DA:65,8
DA:66,29
DA:67,8
DA:68,29
DA:69,5
DA:70,29
DA:71,4
DA:72,29
DA:73,4
DA:74,29
DA:75,0
DA:76,29
DA:77,29
DA:78,1
DA:79,1
LF:79
LH:78
BRDA:3,0,0,8
BRDA:4,1,0,0
BRDA:14,2,0,8
BRDA:15,3,0,0
BRDA:26,4,0,5
BRDA:27,5,0,0
BRDA:36,6,0,4
BRDA:37,7,0,0
BRDA:50,8,0,4
BRDA:51,9,0,0
BRDA:59,10,0,29
BRDA:60,11,0,0
BRDA:62,12,0,0
BRDA:64,13,0,8
BRDA:66,14,0,8
BRDA:68,15,0,5
BRDA:70,16,0,4
BRDA:72,17,0,4
BRDA:74,18,0,0
BRF:19
BRH:11
end_of_record
